  stdafx.cpp
  Animation.cpp
  Application.cpp
  Console.cpp
  InputManager.cpp
C:\Users\Sunrin\Desktop\2020-GAMEPROGRAMING-SOSU\3일차\Engine\Engine\InputManager.cpp(42,27): warning C4244: '인수': 'LONG'에서 'FLOAT'(으)로 변환하면서 데이터가 손실될 수 있습니다.
C:\Users\Sunrin\Desktop\2020-GAMEPROGRAMING-SOSU\3일차\Engine\Engine\InputManager.cpp(42,22): warning C4244: '인수': 'LONG'에서 'FLOAT'(으)로 변환하면서 데이터가 손실될 수 있습니다.
  main.cpp
  Object.cpp
C:\Users\Sunrin\Desktop\2020-GAMEPROGRAMING-SOSU\3일차\Engine\Engine\Object.cpp(57,17): warning C4244: '+=': 'FLOAT'에서 'LONG'(으)로 변환하면서 데이터가 손실될 수 있습니다.
C:\Users\Sunrin\Desktop\2020-GAMEPROGRAMING-SOSU\3일차\Engine\Engine\Object.cpp(58,18): warning C4244: '+=': 'FLOAT'에서 'LONG'(으)로 변환하면서 데이터가 손실될 수 있습니다.
C:\Users\Sunrin\Desktop\2020-GAMEPROGRAMING-SOSU\3일차\Engine\Engine\Object.cpp(59,16): warning C4244: '+=': 'FLOAT'에서 'LONG'(으)로 변환하면서 데이터가 손실될 수 있습니다.
C:\Users\Sunrin\Desktop\2020-GAMEPROGRAMING-SOSU\3일차\Engine\Engine\Object.cpp(60,19): warning C4244: '+=': 'FLOAT'에서 'LONG'(으)로 변환하면서 데이터가 손실될 수 있습니다.
C:\Users\Sunrin\Desktop\2020-GAMEPROGRAMING-SOSU\3일차\Engine\Engine\Object.cpp(63,17): warning C4244: '+=': 'FLOAT'에서 'LONG'(으)로 변환하면서 데이터가 손실될 수 있습니다.
C:\Users\Sunrin\Desktop\2020-GAMEPROGRAMING-SOSU\3일차\Engine\Engine\Object.cpp(64,18): warning C4244: '+=': 'FLOAT'에서 'LONG'(으)로 변환하면서 데이터가 손실될 수 있습니다.
C:\Users\Sunrin\Desktop\2020-GAMEPROGRAMING-SOSU\3일차\Engine\Engine\Object.cpp(65,16): warning C4244: '+=': 'FLOAT'에서 'LONG'(으)로 변환하면서 데이터가 손실될 수 있습니다.
C:\Users\Sunrin\Desktop\2020-GAMEPROGRAMING-SOSU\3일차\Engine\Engine\Object.cpp(66,19): warning C4244: '+=': 'FLOAT'에서 'LONG'(으)로 변환하면서 데이터가 손실될 수 있습니다.
C:\Users\Sunrin\Desktop\2020-GAMEPROGRAMING-SOSU\3일차\Engine\Engine\Object.cpp(72,15): warning C4244: '+=': 'FLOAT'에서 'LONG'(으)로 변환하면서 데이터가 손실될 수 있습니다.
C:\Users\Sunrin\Desktop\2020-GAMEPROGRAMING-SOSU\3일차\Engine\Engine\Object.cpp(73,16): warning C4244: '+=': 'FLOAT'에서 'LONG'(으)로 변환하면서 데이터가 손실될 수 있습니다.
C:\Users\Sunrin\Desktop\2020-GAMEPROGRAMING-SOSU\3일차\Engine\Engine\Object.cpp(74,14): warning C4244: '+=': 'FLOAT'에서 'LONG'(으)로 변환하면서 데이터가 손실될 수 있습니다.
C:\Users\Sunrin\Desktop\2020-GAMEPROGRAMING-SOSU\3일차\Engine\Engine\Object.cpp(75,17): warning C4244: '+=': 'FLOAT'에서 'LONG'(으)로 변환하면서 데이터가 손실될 수 있습니다.
C:\Users\Sunrin\Desktop\2020-GAMEPROGRAMING-SOSU\3일차\Engine\Engine\Object.cpp(87,12): warning C4244: 'return': 'FLOAT'에서 'int'(으)로 변환하면서 데이터가 손실될 수 있습니다.
C:\Users\Sunrin\Desktop\2020-GAMEPROGRAMING-SOSU\3일차\Engine\Engine\Object.cpp(90,12): warning C4244: 'return': 'FLOAT'에서 'int'(으)로 변환하면서 데이터가 손실될 수 있습니다.
C:\Users\Sunrin\Desktop\2020-GAMEPROGRAMING-SOSU\3일차\Engine\Engine\Object.cpp(98,10): warning C4244: '=': 'int'에서 'FLOAT'(으)로 변환하면서 데이터가 손실될 수 있습니다.
C:\Users\Sunrin\Desktop\2020-GAMEPROGRAMING-SOSU\3일차\Engine\Engine\Object.cpp(99,10): warning C4244: '=': 'int'에서 'FLOAT'(으)로 변환하면서 데이터가 손실될 수 있습니다.
  Scene.cpp
  SceneManager.cpp
  SoundManager.cpp
  Sprite.cpp
  TextureManager.cpp
  코드를 생성하고 있습니다...
  Engine.vcxproj -> C:\Users\Sunrin\Desktop\2020-GAMEPROGRAMING-SOSU\3일차\Engine\Debug\Engine.exe
